{"/Users/anthonytf/Documents/Coding/grapely-project/server/src/controllers/authController.ts": {"path":"/Users/anthonytf/Documents/Coding/grapely-project/server/src/controllers/authController.ts","statementMap":{"0":{"start":{"line":3,"column":0},"end":{"line":3,"column":31}},"1":{"start":{"line":4,"column":0},"end":{"line":4,"column":31}},"2":{"start":{"line":5,"column":0},"end":{"line":5,"column":28}},"3":{"start":{"line":13,"column":21},"end":{"line":68,"column":1}},"4":{"start":{"line":15,"column":2},"end":{"line":67,"column":3}},"5":{"start":{"line":17,"column":52},"end":{"line":17,"column":60}},"6":{"start":{"line":20,"column":4},"end":{"line":23,"column":5}},"7":{"start":{"line":21,"column":6},"end":{"line":21,"column":86}},"8":{"start":{"line":22,"column":6},"end":{"line":22,"column":13}},"9":{"start":{"line":25,"column":28},"end":{"line":25,"column":47}},"10":{"start":{"line":28,"column":27},"end":{"line":28,"column":57}},"11":{"start":{"line":31,"column":20},"end":{"line":38,"column":6}},"12":{"start":{"line":42,"column":18},"end":{"line":45,"column":null}},"13":{"start":{"line":48,"column":4},"end":{"line":55,"column":7}},"14":{"start":{"line":59,"column":4},"end":{"line":66,"column":5}},"15":{"start":{"line":60,"column":6},"end":{"line":60,"column":null}},"16":{"start":{"line":61,"column":6},"end":{"line":61,"column":81}},"17":{"start":{"line":62,"column":6},"end":{"line":62,"column":13}},"18":{"start":{"line":64,"column":6},"end":{"line":64,"column":null}},"19":{"start":{"line":65,"column":6},"end":{"line":65,"column":61}},"20":{"start":{"line":125,"column":8},"end":{"line":125,"column":20}},"21":{"start":{"line":71,"column":18},"end":{"line":123,"column":1}},"22":{"start":{"line":73,"column":2},"end":{"line":122,"column":3}},"23":{"start":{"line":75,"column":30},"end":{"line":75,"column":38}},"24":{"start":{"line":78,"column":4},"end":{"line":81,"column":5}},"25":{"start":{"line":79,"column":6},"end":{"line":79,"column":76}},"26":{"start":{"line":80,"column":6},"end":{"line":80,"column":13}},"27":{"start":{"line":83,"column":28},"end":{"line":83,"column":47}},"28":{"start":{"line":86,"column":17},"end":{"line":88,"column":6}},"29":{"start":{"line":90,"column":4},"end":{"line":93,"column":5}},"30":{"start":{"line":91,"column":6},"end":{"line":91,"column":65}},"31":{"start":{"line":92,"column":6},"end":{"line":92,"column":13}},"32":{"start":{"line":96,"column":26},"end":{"line":96,"column":71}},"33":{"start":{"line":98,"column":4},"end":{"line":101,"column":5}},"34":{"start":{"line":99,"column":6},"end":{"line":99,"column":65}},"35":{"start":{"line":100,"column":6},"end":{"line":100,"column":13}},"36":{"start":{"line":103,"column":18},"end":{"line":106,"column":null}},"37":{"start":{"line":110,"column":4},"end":{"line":117,"column":7}},"38":{"start":{"line":120,"column":4},"end":{"line":120,"column":40}},"39":{"start":{"line":121,"column":4},"end":{"line":121,"column":59}},"40":{"start":{"line":125,"column":22},"end":{"line":125,"column":31}}},"fnMap":{"0":{"name":"(anonymous_1)","decl":{"start":{"line":13,"column":21},"end":{"line":13,"column":26}},"loc":{"start":{"line":13,"column":74},"end":{"line":68,"column":1}}},"1":{"name":"(anonymous_2)","decl":{"start":{"line":71,"column":18},"end":{"line":71,"column":23}},"loc":{"start":{"line":71,"column":71},"end":{"line":123,"column":1}}}},"branchMap":{"0":{"loc":{"start":{"line":20,"column":4},"end":{"line":23,"column":5}},"type":"if","locations":[{"start":{"line":20,"column":4},"end":{"line":23,"column":5}}]},"1":{"loc":{"start":{"line":20,"column":8},"end":{"line":20,"column":54}},"type":"binary-expr","locations":[{"start":{"line":20,"column":8},"end":{"line":20,"column":18}},{"start":{"line":20,"column":22},"end":{"line":20,"column":31}},{"start":{"line":20,"column":35},"end":{"line":20,"column":41}},{"start":{"line":20,"column":45},"end":{"line":20,"column":54}}]},"2":{"loc":{"start":{"line":59,"column":4},"end":{"line":66,"column":5}},"type":"if","locations":[{"start":{"line":59,"column":4},"end":{"line":66,"column":5}},{"start":{"line":63,"column":11},"end":{"line":66,"column":5}}]},"3":{"loc":{"start":{"line":78,"column":4},"end":{"line":81,"column":5}},"type":"if","locations":[{"start":{"line":78,"column":4},"end":{"line":81,"column":5}}]},"4":{"loc":{"start":{"line":78,"column":8},"end":{"line":78,"column":27}},"type":"binary-expr","locations":[{"start":{"line":78,"column":8},"end":{"line":78,"column":14}},{"start":{"line":78,"column":18},"end":{"line":78,"column":27}}]},"5":{"loc":{"start":{"line":90,"column":4},"end":{"line":93,"column":5}},"type":"if","locations":[{"start":{"line":90,"column":4},"end":{"line":93,"column":5}}]},"6":{"loc":{"start":{"line":98,"column":4},"end":{"line":101,"column":5}},"type":"if","locations":[{"start":{"line":98,"column":4},"end":{"line":101,"column":5}}]}},"s":{"0":1,"1":1,"2":1,"3":1,"4":4,"5":4,"6":4,"7":1,"8":1,"9":3,"10":3,"11":3,"12":1,"13":1,"14":2,"15":1,"16":1,"17":1,"18":1,"19":1,"20":1,"21":1,"22":5,"23":5,"24":5,"25":1,"26":1,"27":4,"28":4,"29":3,"30":1,"31":1,"32":2,"33":2,"34":1,"35":1,"36":1,"37":1,"38":1,"39":1,"40":1},"f":{"0":4,"1":5},"b":{"0":[1],"1":[4,4,3,3],"2":[1,1],"3":[1],"4":[5,5],"5":[1],"6":[1]}}
,"/Users/anthonytf/Documents/Coding/grapely-project/server/src/controllers/randomController.ts": {"path":"/Users/anthonytf/Documents/Coding/grapely-project/server/src/controllers/randomController.ts","statementMap":{"0":{"start":{"line":2,"column":0},"end":{"line":2,"column":31}},"1":{"start":{"line":4,"column":29},"end":{"line":17,"column":1}},"2":{"start":{"line":5,"column":2},"end":{"line":16,"column":3}},"3":{"start":{"line":6,"column":18},"end":{"line":6,"column":43}},"4":{"start":{"line":7,"column":24},"end":{"line":7,"column":57}},"5":{"start":{"line":8,"column":23},"end":{"line":11,"column":6}},"6":{"start":{"line":12,"column":4},"end":{"line":12,"column":28}},"7":{"start":{"line":14,"column":4},"end":{"line":14,"column":56}},"8":{"start":{"line":15,"column":4},"end":{"line":15,"column":61}},"9":{"start":{"line":4,"column":13},"end":{"line":4,"column":29}}},"fnMap":{"0":{"name":"(anonymous_1)","decl":{"start":{"line":4,"column":29},"end":{"line":4,"column":34}},"loc":{"start":{"line":4,"column":67},"end":{"line":17,"column":1}}}},"branchMap":{},"s":{"0":1,"1":1,"2":5,"3":5,"4":4,"5":4,"6":3,"7":2,"8":2,"9":1},"f":{"0":5},"b":{}}
,"/Users/anthonytf/Documents/Coding/grapely-project/server/src/controllers/wineController.ts": {"path":"/Users/anthonytf/Documents/Coding/grapely-project/server/src/controllers/wineController.ts","statementMap":{"0":{"start":{"line":4,"column":0},"end":{"line":4,"column":31}},"1":{"start":{"line":6,"column":28},"end":{"line":61,"column":1}},"2":{"start":{"line":7,"column":47},"end":{"line":7,"column":55}},"3":{"start":{"line":9,"column":43},"end":{"line":9,"column":45}},"4":{"start":{"line":10,"column":4},"end":{"line":10,"column":30}},"5":{"start":{"line":11,"column":4},"end":{"line":16,"column":5}},"6":{"start":{"line":12,"column":6},"end":{"line":15,"column":8}},"7":{"start":{"line":17,"column":4},"end":{"line":17,"column":59}},"8":{"start":{"line":17,"column":17},"end":{"line":17,"column":59}},"9":{"start":{"line":19,"column":4},"end":{"line":60,"column":5}},"10":{"start":{"line":20,"column":26},"end":{"line":20,"column":60}},"11":{"start":{"line":22,"column":31},"end":{"line":32,"column":8}},"12":{"start":{"line":34,"column":25},"end":{"line":34,"column":48}},"13":{"start":{"line":36,"column":6},"end":{"line":50,"column":7}},"14":{"start":{"line":37,"column":36},"end":{"line":39,"column":14}},"15":{"start":{"line":38,"column":54},"end":{"line":38,"column":64}},"16":{"start":{"line":38,"column":109},"end":{"line":38,"column":119}},"17":{"start":{"line":41,"column":34},"end":{"line":43,"column":14}},"18":{"start":{"line":42,"column":57},"end":{"line":42,"column":76}},"19":{"start":{"line":45,"column":8},"end":{"line":49,"column":null}},"20":{"start":{"line":52,"column":6},"end":{"line":55,"column":9}},"21":{"start":{"line":58,"column":6},"end":{"line":58,"column":53}},"22":{"start":{"line":59,"column":6},"end":{"line":59,"column":56}},"23":{"start":{"line":87,"column":9},"end":{"line":87,"column":28}},"24":{"start":{"line":63,"column":20},"end":{"line":69,"column":1}},"25":{"start":{"line":64,"column":2},"end":{"line":68,"column":3}},"26":{"start":{"line":87,"column":30},"end":{"line":87,"column":41}},"27":{"start":{"line":71,"column":20},"end":{"line":77,"column":1}},"28":{"start":{"line":72,"column":2},"end":{"line":76,"column":3}},"29":{"start":{"line":87,"column":43},"end":{"line":87,"column":54}},"30":{"start":{"line":79,"column":24},"end":{"line":85,"column":1}},"31":{"start":{"line":80,"column":2},"end":{"line":84,"column":3}},"32":{"start":{"line":87,"column":56},"end":{"line":87,"column":71}}},"fnMap":{"0":{"name":"(anonymous_1)","decl":{"start":{"line":6,"column":28},"end":{"line":6,"column":33}},"loc":{"start":{"line":6,"column":80},"end":{"line":61,"column":1}}},"1":{"name":"(anonymous_2)","decl":{"start":{"line":38,"column":46},"end":{"line":38,"column":50}},"loc":{"start":{"line":38,"column":54},"end":{"line":38,"column":64}}},"2":{"name":"(anonymous_3)","decl":{"start":{"line":38,"column":101},"end":{"line":38,"column":105}},"loc":{"start":{"line":38,"column":109},"end":{"line":38,"column":119}}},"3":{"name":"(anonymous_4)","decl":{"start":{"line":42,"column":49},"end":{"line":42,"column":53}},"loc":{"start":{"line":42,"column":57},"end":{"line":42,"column":76}}},"4":{"name":"(anonymous_5)","decl":{"start":{"line":63,"column":20},"end":{"line":63,"column":25}},"loc":{"start":{"line":63,"column":73},"end":{"line":69,"column":1}}},"5":{"name":"(anonymous_6)","decl":{"start":{"line":71,"column":20},"end":{"line":71,"column":25}},"loc":{"start":{"line":71,"column":73},"end":{"line":77,"column":1}}},"6":{"name":"(anonymous_7)","decl":{"start":{"line":79,"column":24},"end":{"line":79,"column":29}},"loc":{"start":{"line":79,"column":77},"end":{"line":85,"column":1}}}},"branchMap":{"0":{"loc":{"start":{"line":11,"column":4},"end":{"line":16,"column":5}},"type":"if","locations":[{"start":{"line":11,"column":4},"end":{"line":16,"column":5}}]},"1":{"loc":{"start":{"line":11,"column":8},"end":{"line":11,"column":88}},"type":"binary-expr","locations":[{"start":{"line":11,"column":8},"end":{"line":11,"column":20}},{"start":{"line":11,"column":24},"end":{"line":11,"column":54}},{"start":{"line":11,"column":58},"end":{"line":11,"column":88}}]},"2":{"loc":{"start":{"line":17,"column":4},"end":{"line":17,"column":59}},"type":"if","locations":[{"start":{"line":17,"column":4},"end":{"line":17,"column":59}}]},"3":{"loc":{"start":{"line":20,"column":26},"end":{"line":20,"column":60}},"type":"binary-expr","locations":[{"start":{"line":20,"column":26},"end":{"line":20,"column":33}},{"start":{"line":20,"column":37},"end":{"line":20,"column":49}},{"start":{"line":20,"column":53},"end":{"line":20,"column":60}}]},"4":{"loc":{"start":{"line":24,"column":12},"end":{"line":31,"column":14}},"type":"cond-expr","locations":[{"start":{"line":25,"column":12},"end":{"line":25,"column":14}},{"start":{"line":26,"column":12},"end":{"line":31,"column":14}}]},"5":{"loc":{"start":{"line":36,"column":6},"end":{"line":50,"column":7}},"type":"if","locations":[{"start":{"line":36,"column":6},"end":{"line":50,"column":7}}]},"6":{"loc":{"start":{"line":36,"column":10},"end":{"line":36,"column":36}},"type":"binary-expr","locations":[{"start":{"line":36,"column":10},"end":{"line":36,"column":22}},{"start":{"line":36,"column":26},"end":{"line":36,"column":36}}]},"7":{"loc":{"start":{"line":37,"column":36},"end":{"line":39,"column":14}},"type":"cond-expr","locations":[{"start":{"line":38,"column":12},"end":{"line":38,"column":122}},{"start":{"line":39,"column":12},"end":{"line":39,"column":14}}]},"8":{"loc":{"start":{"line":37,"column":37},"end":{"line":37,"column":118}},"type":"binary-expr","locations":[{"start":{"line":37,"column":37},"end":{"line":37,"column":50}},{"start":{"line":37,"column":54},"end":{"line":37,"column":84}},{"start":{"line":37,"column":88},"end":{"line":37,"column":118}}]},"9":{"loc":{"start":{"line":41,"column":34},"end":{"line":43,"column":14}},"type":"cond-expr","locations":[{"start":{"line":42,"column":12},"end":{"line":42,"column":79}},{"start":{"line":43,"column":12},"end":{"line":43,"column":14}}]}},"s":{"0":1,"1":1,"2":5,"3":5,"4":5,"5":5,"6":4,"7":5,"8":4,"9":5,"10":5,"11":5,"12":4,"13":4,"14":2,"15":2,"16":2,"17":2,"18":3,"19":2,"20":2,"21":1,"22":1,"23":1,"24":1,"25":0,"26":1,"27":1,"28":0,"29":1,"30":1,"31":0,"32":1},"f":{"0":5,"1":2,"2":2,"3":3,"4":0,"5":0,"6":0},"b":{"0":[4],"1":[5,4,4],"2":[4],"3":[5,5,4],"4":[3,2],"5":[2],"6":[4,2],"7":[1,1],"8":[2,1,1],"9":[1,1]}}
}
