TN:
SF:src/controllers/authController.ts
FN:13,(anonymous_1)
FN:71,(anonymous_2)
FNF:2
FNH:2
FNDA:4,(anonymous_1)
FNDA:5,(anonymous_2)
DA:3,1
DA:4,1
DA:5,1
DA:13,1
DA:15,4
DA:17,4
DA:20,4
DA:21,1
DA:22,1
DA:25,3
DA:28,3
DA:31,3
DA:42,1
DA:48,1
DA:59,2
DA:60,1
DA:61,1
DA:62,1
DA:64,1
DA:65,1
DA:71,1
DA:73,5
DA:75,5
DA:78,5
DA:79,1
DA:80,1
DA:83,4
DA:86,4
DA:90,3
DA:91,1
DA:92,1
DA:96,2
DA:98,2
DA:99,1
DA:100,1
DA:103,1
DA:110,1
DA:120,1
DA:121,1
DA:125,1
LF:40
LH:40
BRDA:20,0,0,1
BRDA:20,1,0,4
BRDA:20,1,1,4
BRDA:20,1,2,3
BRDA:20,1,3,3
BRDA:59,2,0,1
BRDA:59,2,1,1
BRDA:78,3,0,1
BRDA:78,4,0,5
BRDA:78,4,1,5
BRDA:90,5,0,1
BRDA:98,6,0,1
BRF:12
BRH:12
end_of_record
TN:
SF:src/controllers/randomController.ts
FN:4,(anonymous_1)
FNF:1
FNH:1
FNDA:5,(anonymous_1)
DA:2,1
DA:4,1
DA:5,5
DA:6,5
DA:7,4
DA:8,4
DA:12,3
DA:14,2
DA:15,2
LF:9
LH:9
BRF:0
BRH:0
end_of_record
TN:
SF:src/controllers/wineController.ts
FN:6,(anonymous_1)
FN:38,(anonymous_2)
FN:38,(anonymous_3)
FN:42,(anonymous_4)
FN:63,(anonymous_5)
FN:71,(anonymous_6)
FN:79,(anonymous_7)
FNF:7
FNH:4
FNDA:5,(anonymous_1)
FNDA:2,(anonymous_2)
FNDA:2,(anonymous_3)
FNDA:3,(anonymous_4)
FNDA:0,(anonymous_5)
FNDA:0,(anonymous_6)
FNDA:0,(anonymous_7)
DA:4,1
DA:6,1
DA:7,5
DA:9,5
DA:10,5
DA:11,5
DA:12,4
DA:17,5
DA:19,5
DA:20,5
DA:22,5
DA:34,4
DA:36,4
DA:37,2
DA:38,2
DA:41,2
DA:42,3
DA:45,2
DA:52,2
DA:58,1
DA:59,1
DA:63,1
DA:64,0
DA:71,1
DA:72,0
DA:79,1
DA:80,0
DA:87,1
LF:28
LH:25
BRDA:11,0,0,4
BRDA:11,1,0,5
BRDA:11,1,1,4
BRDA:11,1,2,4
BRDA:17,2,0,4
BRDA:20,3,0,5
BRDA:20,3,1,5
BRDA:20,3,2,4
BRDA:24,4,0,3
BRDA:24,4,1,2
BRDA:36,5,0,2
BRDA:36,6,0,4
BRDA:36,6,1,2
BRDA:37,7,0,1
BRDA:37,7,1,1
BRDA:37,8,0,2
BRDA:37,8,1,1
BRDA:37,8,2,1
BRDA:41,9,0,1
BRDA:41,9,1,1
BRF:20
BRH:20
end_of_record
